=== EXP1: default /etc/group in debian:trixie + who holds 993, does render exist? ===
Resolved "debian" as an alias (/etc/containers/registries.conf.d/000-shortnames.conf)
Trying to pull docker.io/library/debian:trixie...
Getting image source signatures
Copying blob sha256:ef1b08ddd59d42b444e8f9c68a6cebbed70636aed0c242fdccb0bd61b61ba26b
Copying config sha256:7911f100320eb95c31d493b581e9ed396d2a82d149df49dd859c9f0c9b215daa
Writing manifest to image destination
--- baseline /etc/group (grep render/993) ---
NO render group at baseline
--- highest sys gids ---
utmp:x:43:
video:x:44:
sasl:x:45:
plugdev:x:46:
staff:x:50:
games:x:60:
users:x:100:
nogroup:x:65534:
=== EXP2: does the Intel GPU stack create 'render' group + occupy 993? (faithful: matches plex role installs) ===
--- installing intel-media-va-driver-non-free vainfo intel-gpu-tools ---
install OK
--- render group now? ---
NO render group
--- who holds GID 993? ---
--- system groups 990-999 ---
=== EXP3: systemd-sysusers allocation of render/sgx (faithful to booted LXC) ===
systemd installed
--- sysusers.d entries defining render/sgx ---
none found
--- run systemd-sysusers (simulates first boot group creation) ---
--- resulting render/sgx GIDs ---
render/sgx not created
--- who holds 993 / top sys groups ---
messagebus:x:996:
systemd-timesync:x:997:
systemd-network:x:998:
systemd-journal:x:999:
=== EXP4: reproduce EXACT failure via real ansible.builtin.group (render exists !=993, 993 taken) ===
ansible-core installed
--- pre-state ---
render:x:999:
someservice:x:993:
--- run the EXACT task: ansible.builtin.group name=render gid=993 state=present ---
        "discovered_interpreter_python": "/usr/bin/python3.13"
    },
    "changed": false,
    "msg": "groupmod: GID '993' already exists\n",
    "name": "render"
}
