[WARNING]: Found both group and host with same name: plex

playbook: site.yml

  play #1 (all): Baseline configuration for all managed hosts	TAGS: []
    tasks:
      common : Install baseline packages	TAGS: []
      common : Install unattended-upgrades	TAGS: []
      common : Enable periodic unattended security upgrades	TAGS: []
      common : Set the system timezone	TAGS: []
      common : Record the configured timezone	TAGS: []
      common : Ensure the service group exists	TAGS: []
      common : Ensure the service user exists	TAGS: []
      common : Harden sshd configuration	TAGS: []

  play #2 (docker_host): Docker host with Traefik reverse proxy	TAGS: []
    tasks:
      geerlingguy.docker : Load OS-specific vars.	TAGS: []
      include_tasks	TAGS: []
      include_tasks	TAGS: []
      include_tasks	TAGS: []
      geerlingguy.docker : Install Docker packages.	TAGS: []
      geerlingguy.docker : Install Docker packages (with downgrade option).	TAGS: []
      geerlingguy.docker : Install docker-compose plugin.	TAGS: []
      geerlingguy.docker : Install docker-compose-plugin (with downgrade option).	TAGS: []
      geerlingguy.docker : Ensure /etc/docker/ directory exists.	TAGS: []
      geerlingguy.docker : Configure Docker daemon options.	TAGS: []
      geerlingguy.docker : Get Docker service status	TAGS: []
      geerlingguy.docker : Patch docker.service	TAGS: []
      geerlingguy.docker : Reload systemd services	TAGS: []
      geerlingguy.docker : Ensure Docker is started and enabled at boot.	TAGS: []
      geerlingguy.docker : Ensure handlers are notified now to avoid firewall conflicts.	TAGS: []
      include_tasks	TAGS: []
      geerlingguy.docker : Get docker group info using getent.	TAGS: []
      geerlingguy.docker : Check if there are any users to add to the docker group.	TAGS: []
      include_tasks	TAGS: []
      docker_host : Create the compose project directory	TAGS: []
      docker_host : Create the Traefik dynamic-config directory	TAGS: []
      docker_host : Create the ACME certificate store with restrictive permissions	TAGS: []
      docker_host : Render the compose project file	TAGS: []
      docker_host : Render the Cloudflare token env file for DNS-01	TAGS: []
      docker_host : Render the Traefik static configuration	TAGS: []
      docker_host : Render the Traefik dynamic configuration (middlewares + file provider)	TAGS: []
      docker_host : Create the extras config directories	TAGS: []
      docker_host : Render the Prometheus scrape configuration	TAGS: []
      docker_host : Render the Grafana datasource provisioning	TAGS: []
      docker_host : Render the Grafana dashboard provider provisioning	TAGS: []
      docker_host : Install the Grafana starter dashboard	TAGS: []
      docker_host : Render the Homepage service links	TAGS: []
      docker_host : Install the static Homepage config	TAGS: []
      docker_host : Bring up the Traefik smoke stack	TAGS: []

  play #3 (plex): Plex media server with Intel QSV hardware transcoding	TAGS: []
    tasks:
      plex : Ensure the apt keyring directory exists	TAGS: []
      plex : Install the deb822 source manager dependency	TAGS: []
      plex : Enable the Debian non-free components (the iHD media driver lives there)	TAGS: []
      plex : Install the Intel iHD media driver and VA-API tooling	TAGS: []
      plex : Add the Plex apt GPG key	TAGS: []
      plex : Add the Plex apt repository	TAGS: []
      plex : Install Plex Media Server	TAGS: []
      plex : Ensure the render group maps to the host render GID for /dev/dri access	TAGS: []
      plex : Ensure the video group maps to the host video GID for /dev/dri access	TAGS: []
      plex : Add the plex user to the render/video groups so QSV can open /dev/dri	TAGS: []
      plex : Ensure the plexmediaserver systemd override directory exists	TAGS: []
      plex : Pin LIBVA_DRIVER_NAME so QSV selects the iHD driver deterministically	TAGS: []
      plex : Ensure Plex Media Server is enabled and running	TAGS: []
      plex : Probe the VA-API driver on the render node	TAGS: []
      plex : Assert the Intel iHD driver is active (QSV hardware-transcode gate)	TAGS: []
